app/build/outputs/logs/manifest-merger-debug-report.txt
-- Merging decision tree log ---
manifest
ADDED from src\main\AndroidManifest.xml:2:1-301:12
INJECTED from src\main\AndroidManifest.xml:2:1-301:12
INJECTED from src\main\AndroidManifest.xml:2:1-301:12
INJECTED from src\main\AndroidManifest.xml:2:1-301:12
MERGED from [com.huawei.android.hms:push:2.6.3.301] AndroidManifest.xml:2:1-9:12
MERGED from [com.huawei.android.hms:base:2.6.3.301] AndroidManifest.xml:2:1-23:12
MERGED from [com.meizu.flyme.internet:push-internal:3.6.7] AndroidManifest.xml:2:1-34:12
MERGED from [com.tencent.bugly:crashreport:2.6.6] AndroidManifest.xml:2:1-9:12
MERGED from [com.tencent.bugly:nativecrashreport:3.3.1] AndroidManifest.xml:2:1-9:12
MERGED from [com.android.support:multidex:1.0.2] AndroidManifest.xml:17:1-22:12
MERGED from [com.squareup.leakcanary:leakcanary-support-fragment:1.6.2] AndroidManifest.xml:17:1-25:12
MERGED from [com.squareup.leakcanary:leakcanary-android:1.6.2] AndroidManifest.xml:17:1-74:12
MERGED from [:tuikit] AndroidManifest.xml:2:1-62:12
MERGED from [com.android.support:appcompat-v7:27.1.1] AndroidManifest.xml:17:1-22:12
MERGED from [com.android.support.constraint:constraint-layout:1.1.2] AndroidManifest.xml:2:1-11:12
MERGED from [com.android.support:recyclerview-v7:27.1.1] AndroidManifest.xml:17:1-22:12
MERGED from [com.squareup.leakcanary:leakcanary-analyzer:1.6.2] AndroidManifest.xml:17:1-24:12
MERGED from [com.android.support:animated-vector-drawable:27.1.1] AndroidManifest.xml:17:1-22:12
MERGED from [com.android.support:support-v4:27.1.1] AndroidManifest.xml:17:1-22:12
MERGED from [com.github.bumptech.glide:glide:4.7.1] AndroidManifest.xml:2:1-13:12
MERGED from [com.android.support:support-fragment:27.1.1] AndroidManifest.xml:17:1-22:12
MERGED from [com.android.support:support-core-ui:27.1.1] AndroidManifest.xml:17:1-22:12
MERGED from [com.android.support:support-core-utils:27.1.1] AndroidManifest.xml:17:1-22:12
MERGED from [com.android.support:support-vector-drawable:27.1.1] AndroidManifest.xml:17:1-22:12
MERGED from [com.android.support:support-media-compat:27.1.1] AndroidManifest.xml:17:1-22:12
MERGED from [com.android.support:support-compat:27.1.1] AndroidManifest.xml:17:1-22:12
MERGED from [com.github.bumptech.glide:gifdecoder:4.7.1] AndroidManifest.xml:2:1-11:12
MERGED from [com.tencent.imsdk:imsdk:4.4.479] AndroidManifest.xml:2:1-41:12
MERGED from [it.sephiroth.android.library.imagezoom:library:1.0.4] AndroidManifest.xml:1:106-7:12
MERGED from [android.arch.lifecycle:runtime:1.1.0] AndroidManifest.xml:17:1-22:12
MERGED from [it.sephiroth.android.library.easing:library:1.0.2] AndroidManifest.xml:1:116-8:12
MERGED from [android.arch.lifecycle:livedata-core:1.1.0] AndroidManifest.xml:17:1-22:12
MERGED from [android.arch.core:runtime:1.1.0] AndroidManifest.xml:17:1-22:12
MERGED from [android.arch.lifecycle:viewmodel:1.1.0] AndroidManifest.xml:17:1-22:12
INJECTED from src\main\AndroidManifest.xml:2:1-301:12
INJECTED from src\main\AndroidManifest.xml:2:1-301:12
INJECTED from src\main\AndroidManifest.xml:2:1-301:12
	package
		ADDED from src\main\AndroidManifest.xml:3:5-42
		INJECTED from src\main\AndroidManifest.xml
		INJECTED from src\main\AndroidManifest.xml
	android:versionName
		INJECTED from src\main\AndroidManifest.xml
		ADDED from src\main\AndroidManifest.xml:2:1-301:12
		INJECTED from src\main\AndroidManifest.xml
	android:versionCode
		INJECTED from src\main\AndroidManifest.xml
		ADDED from src\main\AndroidManifest.xml:2:1-301:12
		INJECTED from src\main\AndroidManifest.xml
	xmlns:android
		ADDED from src\main\AndroidManifest.xml:2:11-69
uses-permission#android.permission.ACCESS_NETWORK_STATE
ADDED from src\main\AndroidManifest.xml:5:5-79
MERGED from [com.meizu.flyme.internet:push-internal:3.6.7] AndroidManifest.xml:13:5-79
MERGED from [com.meizu.flyme.internet:push-internal:3.6.7] AndroidManifest.xml:13:5-79
MERGED from [:tuikit] AndroidManifest.xml:11:5-79
MERGED from [:tuikit] AndroidManifest.xml:11:5-79
MERGED from [com.tencent.imsdk:imsdk:4.4.479] AndroidManifest.xml:13:5-79
MERGED from [com.tencent.imsdk:imsdk:4.4.479] AndroidManifest.xml:13:5-79
	android:name
		ADDED from src\main\AndroidManifest.xml:5:22-76
uses-permission#android.permission.INTERNET
ADDED from src\main\AndroidManifest.xml:6:5-67
MERGED from [com.meizu.flyme.internet:push-internal:3.6.7] AndroidManifest.xml:11:5-67
MERGED from [com.meizu.flyme.internet:push-internal:3.6.7] AndroidManifest.xml:11:5-67
MERGED from [com.tencent.imsdk:imsdk:4.4.479] AndroidManifest.xml:12:5-67
MERGED from [com.tencent.imsdk:imsdk:4.4.479] AndroidManifest.xml:12:5-67
	android:name
		ADDED from src\main\AndroidManifest.xml:6:22-64
uses-permission#android.permission.ACCESS_WIFI_STATE
ADDED from src\main\AndroidManifest.xml:7:5-76
MERGED from [com.meizu.flyme.internet:push-internal:3.6.7] AndroidManifest.xml:16:5-76
MERGED from [com.meizu.flyme.internet:push-internal:3.6.7] AndroidManifest.xml:16:5-76
MERGED from [:tuikit] AndroidManifest.xml:12:5-76
MERGED from [:tuikit] AndroidManifest.xml:12:5-76
MERGED from [com.tencent.imsdk:imsdk:4.4.479] AndroidManifest.xml:14:5-76
MERGED from [com.tencent.imsdk:imsdk:4.4.479] AndroidManifest.xml:14:5-76
	android:name
		ADDED from src\main\AndroidManifest.xml:7:22-73
uses-permission#android.permission.WRITE_EXTERNAL_STORAGE
ADDED from src\main\AndroidManifest.xml:9:5-81
MERGED from [com.meizu.flyme.internet:push-internal:3.6.7] AndroidManifest.xml:15:5-81
MERGED from [com.meizu.flyme.internet:push-internal:3.6.7] AndroidManifest.xml:15:5-81
MERGED from [com.squareup.leakcanary:leakcanary-android:1.6.2] AndroidManifest.xml:24:5-81
MERGED from [com.squareup.leakcanary:leakcanary-android:1.6.2] AndroidManifest.xml:24:5-81
MERGED from [:tuikit] AndroidManifest.xml:14:5-81
MERGED from [:tuikit] AndroidManifest.xml:14:5-81
	android:name
		ADDED from src\main\AndroidManifest.xml:9:22-78
uses-permission#android.permission.CAMERA
ADDED from src\main\AndroidManifest.xml:10:5-65
	android:name
		ADDED from src\main\AndroidManifest.xml:10:22-62
uses-permission#android.permission.RECORD_AUDIO
ADDED from src\main\AndroidManifest.xml:11:5-71
	android:name
		ADDED from src\main\AndroidManifest.xml:11:22-68
uses-permission#android.permission.READ_PHONE_STATE
ADDED from src\main\AndroidManifest.xml:12:5-75
MERGED from [com.meizu.flyme.internet:push-internal:3.6.7] AndroidManifest.xml:12:5-75
MERGED from [com.meizu.flyme.internet:push-internal:3.6.7] AndroidManifest.xml:12:5-75
MERGED from [:tuikit] AndroidManifest.xml:13:5-75
MERGED from [:tuikit] AndroidManifest.xml:13:5-75
	android:name
		ADDED from src\main\AndroidManifest.xml:12:22-72
uses-permission#android.permission.READ_LOGS
ADDED from src\main\AndroidManifest.xml:13:5-68
	android:name
		ADDED from src\main\AndroidManifest.xml:13:22-65
uses-permission#android.permission.VIBRATE
ADDED from src\main\AndroidManifest.xml:14:5-66
	android:name
		ADDED from src\main\AndroidManifest.xml:14:22-63
uses-permission#android.permission.REQUEST_INSTALL_PACKAGES
ADDED from src\main\AndroidManifest.xml:15:5-83
	android:name
		ADDED from src\main\AndroidManifest.xml:15:22-80
permission#com.tencent.qcloud.tim.tuikit.permission.PROCESS_PUSH_MSG
ADDED from src\main\AndroidManifest.xml:18:5-20:55
	android:protectionLevel
		ADDED from src\main\AndroidManifest.xml:20:9-52
	android:name
		ADDED from src\main\AndroidManifest.xml:19:9-81
uses-permission#com.tencent.qcloud.tim.tuikit.permission.PROCESS_PUSH_MSG
ADDED from src\main\AndroidManifest.xml:22:5-97
	android:name
		ADDED from src\main\AndroidManifest.xml:22:22-94
permission#com.tencent.qcloud.tim.tuikit.permission.MIPUSH_RECEIVE
ADDED from src\main\AndroidManifest.xml:25:5-27:47
	android:protectionLevel
		ADDED from src\main\AndroidManifest.xml:27:9-44
	android:name
		ADDED from src\main\AndroidManifest.xml:26:9-79
uses-permission#com.tencent.qcloud.tim.tuikit.permission.MIPUSH_RECEIVE
ADDED from src\main\AndroidManifest.xml:29:5-95
	android:name
		ADDED from src\main\AndroidManifest.xml:29:22-92
uses-permission#com.meizu.flyme.push.permission.RECEIVE
ADDED from src\main\AndroidManifest.xml:33:5-79
	android:name
		ADDED from src\main\AndroidManifest.xml:33:22-76
permission#com.tencent.qcloud.tim.tuikit.push.permission.MESSAGE
ADDED from src\main\AndroidManifest.xml:35:5-37:47
	android:protectionLevel
		ADDED from src\main\AndroidManifest.xml:37:9-44
	android:name
		ADDED from src\main\AndroidManifest.xml:36:9-77
uses-permission#com.tencent.qcloud.tim.tuikit.push.permission.MESSAGE
ADDED from src\main\AndroidManifest.xml:39:5-93
	android:name
		ADDED from src\main\AndroidManifest.xml:39:22-90
uses-permission#com.meizu.c2dm.permission.RECEIVE
ADDED from src\main\AndroidManifest.xml:42:5-73
	android:name
		ADDED from src\main\AndroidManifest.xml:42:22-70
permission#com.tencent.qcloud.tim.tuikit.permission.C2D_MESSAGE
ADDED from src\main\AndroidManifest.xml:44:5-46:47
	android:protectionLevel
		ADDED from src\main\AndroidManifest.xml:46:9-44
	android:name
		ADDED from src\main\AndroidManifest.xml:45:9-76
uses-permission#com.tencent.qcloud.tim.tuikit.permission.C2D_MESSAGE
ADDED from src\main\AndroidManifest.xml:48:5-92
	android:name
		ADDED from src\main\AndroidManifest.xml:48:22-89
application
ADDED from src\main\AndroidManifest.xml:50:5-299:19
MERGED from [com.huawei.android.hms:base:2.6.3.301] AndroidManifest.xml:9:5-21:19
MERGED from [com.huawei.android.hms:base:2.6.3.301] AndroidManifest.xml:9:5-21:19
MERGED from [com.meizu.flyme.internet:push-internal:3.6.7] AndroidManifest.xml:18:5-32:19
MERGED from [com.meizu.flyme.internet:push-internal:3.6.7] AndroidManifest.xml:18:5-32:19
MERGED from [com.squareup.leakcanary:leakcanary-support-fragment:1.6.2] AndroidManifest.xml:22:5-23:19
MERGED from [com.squareup.leakcanary:leakcanary-support-fragment:1.6.2] AndroidManifest.xml:22:5-23:19
MERGED from [com.squareup.leakcanary:leakcanary-android:1.6.2] AndroidManifest.xml:28:5-72:19
MERGED from [com.squareup.leakcanary:leakcanary-android:1.6.2] AndroidManifest.xml:28:5-72:19
MERGED from [:tuikit] AndroidManifest.xml:17:5-60:19
MERGED from [:tuikit] AndroidManifest.xml:17:5-60:19
MERGED from [com.android.support.constraint:constraint-layout:1.1.2] AndroidManifest.xml:9:5-20
MERGED from [com.android.support.constraint:constraint-layout:1.1.2] AndroidManifest.xml:9:5-20
MERGED from [com.squareup.leakcanary:leakcanary-analyzer:1.6.2] AndroidManifest.xml:22:5-20
MERGED from [com.squareup.leakcanary:leakcanary-analyzer:1.6.2] AndroidManifest.xml:22:5-20
MERGED from [com.github.bumptech.glide:glide:4.7.1] AndroidManifest.xml:11:5-20
MERGED from [com.github.bumptech.glide:glide:4.7.1] AndroidManifest.xml:11:5-20
MERGED from [com.github.bumptech.glide:gifdecoder:4.7.1] AndroidManifest.xml:9:5-20
MERGED from [com.github.bumptech.glide:gifdecoder:4.7.1] AndroidManifest.xml:9:5-20
MERGED from [com.tencent.imsdk:imsdk:4.4.479] AndroidManifest.xml:16:5-39:19
MERGED from [com.tencent.imsdk:imsdk:4.4.479] AndroidManifest.xml:16:5-39:19
MERGED from [it.sephiroth.android.library.imagezoom:library:1.0.4] AndroidManifest.xml:5:5-19
MERGED from [it.sephiroth.android.library.imagezoom:library:1.0.4] AndroidManifest.xml:5:5-19
MERGED from [it.sephiroth.android.library.easing:library:1.0.2] AndroidManifest.xml:5:5-6:19
MERGED from [it.sephiroth.android.library.easing:library:1.0.2] AndroidManifest.xml:5:5-6:19
	android:supportsRtl
		ADDED from src\main\AndroidManifest.xml:55:9-35
	android:label
		ADDED from src\main\AndroidManifest.xml:54:9-41
	android:icon
		ADDED from src\main\AndroidManifest.xml:53:9-45
	android:allowBackup
		ADDED from src\main\AndroidManifest.xml:52:9-35
	android:theme
		ADDED from src\main\AndroidManifest.xml:56:9-40
	android:name
		ADDED from src\main\AndroidManifest.xml:51:9-67
activity#com.tencent.qcloud.tim.demo.login.LoginForDevActivity
ADDED from src\main\AndroidManifest.xml:57:9-67:20
	android:screenOrientation
		ADDED from src\main\AndroidManifest.xml:59:13-49
	android:theme
		ADDED from src\main\AndroidManifest.xml:60:13-47
	android:name
		ADDED from src\main\AndroidManifest.xml:58:13-81
intent-filter#android.intent.action.MAIN+android.intent.action.VIEW+android.intent.category.LAUNCHER
ADDED from src\main\AndroidManifest.xml:61:13-66:29
action#android.intent.action.VIEW
ADDED from src\main\AndroidManifest.xml:62:17-69
	android:name
		ADDED from src\main\AndroidManifest.xml:62:25-66
action#android.intent.action.MAIN
ADDED from src\main\AndroidManifest.xml:63:17-69
	android:name
		ADDED from src\main\AndroidManifest.xml:63:25-66
category#android.intent.category.LAUNCHER
ADDED from src\main\AndroidManifest.xml:65:17-77
	android:name
		ADDED from src\main\AndroidManifest.xml:65:27-74
activity#com.tencent.qcloud.tim.demo.chat.ChatActivity
ADDED from src\main\AndroidManifest.xml:72:9-76:70
	android:screenOrientation
		ADDED from src\main\AndroidManifest.xml:75:13-49
	android:launchMode
		ADDED from src\main\AndroidManifest.xml:74:13-44
	android:windowSoftInputMode
		ADDED from src\main\AndroidManifest.xml:76:13-67
	android:name
		ADDED from src\main\AndroidManifest.xml:73:13-73
activity#com.tencent.qcloud.tim.demo.main.MainActivity
ADDED from src\main\AndroidManifest.xml:77:9-80:52
	android:screenOrientation
		ADDED from src\main\AndroidManifest.xml:80:13-49
	android:launchMode
		ADDED from src\main\AndroidManifest.xml:79:13-44
	android:name
		ADDED from src\main\AndroidManifest.xml:78:13-73
activity#com.tencent.qcloud.tim.demo.menu.AddMoreActivity
ADDED from src\main\AndroidManifest.xml:81:9-83:52
	android:screenOrientation
		ADDED from src\main\AndroidManifest.xml:83:13-49
	android:name
		ADDED from src\main\AndroidManifest.xml:82:13-76
activity#com.tencent.qcloud.tim.demo.contact.FriendProfileActivity
ADDED from src\main\AndroidManifest.xml:84:9-86:52
	android:screenOrientation
		ADDED from src\main\AndroidManifest.xml:86:13-49
	android:name
		ADDED from src\main\AndroidManifest.xml:85:13-85
activity#com.tencent.qcloud.tim.demo.contact.NewFriendActivity
ADDED from src\main\AndroidManifest.xml:87:9-89:52
	android:screenOrientation
		ADDED from src\main\AndroidManifest.xml:89:13-49
	android:name
		ADDED from src\main\AndroidManifest.xml:88:13-81
activity#com.tencent.qcloud.tim.demo.contact.BlackListActivity
ADDED from src\main\AndroidManifest.xml:90:9-92:52
	android:screenOrientation
		ADDED from src\main\AndroidManifest.xml:92:13-49
	android:name
		ADDED from src\main\AndroidManifest.xml:91:13-81
activity#com.tencent.qcloud.tim.demo.contact.GroupListActivity
ADDED from src\main\AndroidManifest.xml:93:9-95:52
	android:screenOrientation
		ADDED from src\main\AndroidManifest.xml:95:13-49
	android:name
		ADDED from src\main\AndroidManifest.xml:94:13-81
activity#com.tencent.qcloud.tim.demo.menu.StartC2CChatActivity
ADDED from src\main\AndroidManifest.xml:96:9-98:52
	android:screenOrientation
		ADDED from src\main\AndroidManifest.xml:98:13-49
	android:name
		ADDED from src\main\AndroidManifest.xml:97:13-81
activity#com.tencent.qcloud.tim.demo.profile.WebViewActivity
ADDED from src\main\AndroidManifest.xml:99:9-101:52
	android:screenOrientation
		ADDED from src\main\AndroidManifest.xml:101:13-49
	android:name
		ADDED from src\main\AndroidManifest.xml:100:13-79
activity#com.tencent.qcloud.tim.demo.menu.StartGroupChatActivity
ADDED from src\main\AndroidManifest.xml:102:9-105:73
	android:screenOrientation
		ADDED from src\main\AndroidManifest.xml:104:13-49
	android:windowSoftInputMode
		ADDED from src\main\AndroidManifest.xml:105:13-70
	android:name
		ADDED from src\main\AndroidManifest.xml:103:13-83
service#com.tencent.imsdk.session.remote.SessionService
ADDED from src\main\AndroidManifest.xml:108:9-110:42
MERGED from [com.tencent.imsdk:imsdk:4.4.479] AndroidManifest.xml:20:9-22:42
MERGED from [com.tencent.imsdk:imsdk:4.4.479] AndroidManifest.xml:20:9-22:42
	android:process
		ADDED from src\main\AndroidManifest.xml:110:13-39
	android:name
		ADDED from src\main\AndroidManifest.xml:109:13-75
service#com.tencent.imsdk.session.remote.AssistService
ADDED from src\main\AndroidManifest.xml:113:9-115:42
MERGED from [com.tencent.imsdk:imsdk:4.4.479] AndroidManifest.xml:23:9-25:42
MERGED from [com.tencent.imsdk:imsdk:4.4.479] AndroidManifest.xml:23:9-25:42
	android:process
		ADDED from src\main\AndroidManifest.xml:115:13-39
	android:name
		ADDED from src\main\AndroidManifest.xml:114:13-74
service#com.tencent.imsdk.session.remote.KeepAliveJobService
ADDED from src\main\AndroidManifest.xml:116:9-119:42
MERGED from [com.tencent.imsdk:imsdk:4.4.479] AndroidManifest.xml:26:9-29:42
MERGED from [com.tencent.imsdk:imsdk:4.4.479] AndroidManifest.xml:26:9-29:42
	android:process
		ADDED from src\main\AndroidManifest.xml:119:13-39
	android:permission
		ADDED from src\main\AndroidManifest.xml:118:13-69
	android:name
		ADDED from src\main\AndroidManifest.xml:117:13-80
receiver#com.tencent.imsdk.session.SessionBroadcastReceiver
ADDED from src\main\AndroidManifest.xml:122:9-128:20
MERGED from [com.tencent.imsdk:imsdk:4.4.479] AndroidManifest.xml:31:9-38:20
MERGED from [com.tencent.imsdk:imsdk:4.4.479] AndroidManifest.xml:31:9-38:20
	android:name
		ADDED from src\main\AndroidManifest.xml:122:19-84
intent-filter#android.intent.action.BOOT_COMPLETED+android.net.conn.CONNECTIVITY_CHANGE+com.tencent.imsdk.session.boot
ADDED from src\main\AndroidManifest.xml:123:13-127:29
action#com.tencent.imsdk.session.boot
ADDED from src\main\AndroidManifest.xml:124:17-73
	android:name
		ADDED from src\main\AndroidManifest.xml:124:25-70
action#android.intent.action.BOOT_COMPLETED
ADDED from src\main\AndroidManifest.xml:125:17-79
	android:name
		ADDED from src\main\AndroidManifest.xml:125:25-76
action#android.net.conn.CONNECTIVITY_CHANGE
ADDED from src\main\AndroidManifest.xml:126:17-79
	android:name
		ADDED from src\main\AndroidManifest.xml:126:25-76
service#com.xiaomi.push.service.XMPushService
ADDED from src\main\AndroidManifest.xml:131:9-134:46
	android:process
		ADDED from src\main\AndroidManifest.xml:134:13-43
	android:enabled
		ADDED from src\main\AndroidManifest.xml:133:13-35
	android:name
		ADDED from src\main\AndroidManifest.xml:132:13-65
service#com.xiaomi.push.service.XMJobService
ADDED from src\main\AndroidManifest.xml:135:9-140:46
	android:process
		ADDED from src\main\AndroidManifest.xml:140:13-43
	android:enabled
		ADDED from src\main\AndroidManifest.xml:137:13-35
	android:exported
		ADDED from src\main\AndroidManifest.xml:138:13-37
	android:permission
		ADDED from src\main\AndroidManifest.xml:139:13-69
	android:name
		ADDED from src\main\AndroidManifest.xml:136:13-64
service#com.xiaomi.mipush.sdk.PushMessageHandler
ADDED from src\main\AndroidManifest.xml:143:9-146:39
	android:enabled
		ADDED from src\main\AndroidManifest.xml:145:13-35
	android:exported
		ADDED from src\main\AndroidManifest.xml:146:13-36
	android:name
		ADDED from src\main\AndroidManifest.xml:144:13-68
service#com.xiaomi.mipush.sdk.MessageHandleService
ADDED from src\main\AndroidManifest.xml:147:9-149:38
	android:enabled
		ADDED from src\main\AndroidManifest.xml:149:13-35
	android:name
		ADDED from src\main\AndroidManifest.xml:148:13-70
receiver#com.xiaomi.push.service.receivers.NetworkStatusReceiver
ADDED from src\main\AndroidManifest.xml:152:9-160:20
	android:exported
		ADDED from src\main\AndroidManifest.xml:154:13-36
	android:name
		ADDED from src\main\AndroidManifest.xml:153:13-83
intent-filter#android.intent.category.DEFAULT+android.net.conn.CONNECTIVITY_CHANGE
ADDED from src\main\AndroidManifest.xml:155:13-159:29
category#android.intent.category.DEFAULT
ADDED from src\main\AndroidManifest.xml:158:17-76
	android:name
		ADDED from src\main\AndroidManifest.xml:158:27-73
receiver#com.xiaomi.push.service.receivers.PingReceiver
ADDED from src\main\AndroidManifest.xml:161:9-168:20
	android:process
		ADDED from src\main\AndroidManifest.xml:164:13-43
	android:exported
		ADDED from src\main\AndroidManifest.xml:163:13-37
	android:name
		ADDED from src\main\AndroidManifest.xml:162:13-74
intent-filter#com.xiaomi.push.PING_TIMER
ADDED from src\main\AndroidManifest.xml:165:13-167:29
action#com.xiaomi.push.PING_TIMER
ADDED from src\main\AndroidManifest.xml:166:17-69
	android:name
		ADDED from src\main\AndroidManifest.xml:166:25-66
receiver#com.tencent.qcloud.tim.demo.thirdpush.XiaomiMsgReceiver
ADDED from src\main\AndroidManifest.xml:171:9-183:20
	android:exported
		ADDED from src\main\AndroidManifest.xml:173:13-36
	android:name
		ADDED from src\main\AndroidManifest.xml:172:13-83
intent-filter#com.xiaomi.mipush.RECEIVE_MESSAGE
ADDED from src\main\AndroidManifest.xml:174:13-176:29
action#com.xiaomi.mipush.RECEIVE_MESSAGE
ADDED from src\main\AndroidManifest.xml:175:17-76
	android:name
		ADDED from src\main\AndroidManifest.xml:175:25-73
intent-filter#com.xiaomi.mipush.MESSAGE_ARRIVED
ADDED from src\main\AndroidManifest.xml:177:13-179:29
action#com.xiaomi.mipush.MESSAGE_ARRIVED
ADDED from src\main\AndroidManifest.xml:178:17-76
	android:name
		ADDED from src\main\AndroidManifest.xml:178:25-73
intent-filter#com.xiaomi.mipush.ERROR
ADDED from src\main\AndroidManifest.xml:180:13-182:29
action#com.xiaomi.mipush.ERROR
ADDED from src\main\AndroidManifest.xml:181:17-66
	android:name
		ADDED from src\main\AndroidManifest.xml:181:25-63
meta-data#com.huawei.hms.client.appid
ADDED from src\main\AndroidManifest.xml:187:9-189:47
	android:value
		ADDED from src\main\AndroidManifest.xml:189:13-44
	android:name
		ADDED from src\main\AndroidManifest.xml:188:13-55
provider#com.huawei.hms.update.provider.UpdateProvider
ADDED from src\main\AndroidManifest.xml:191:9-195:50
	android:grantUriPermissions
		ADDED from src\main\AndroidManifest.xml:195:13-47
	android:authorities
		ADDED from src\main\AndroidManifest.xml:193:13-84
	android:exported
		ADDED from src\main\AndroidManifest.xml:194:13-37
	android:name
		ADDED from src\main\AndroidManifest.xml:192:13-73
provider#com.huawei.updatesdk.fileprovider.UpdateSdkFileProvider
ADDED from src\main\AndroidManifest.xml:197:9-201:49
	android:grantUriPermissions
		ADDED from src\main\AndroidManifest.xml:201:13-47
	android:authorities
		ADDED from src\main\AndroidManifest.xml:199:13-87
	android:exported
		ADDED from src\main\AndroidManifest.xml:200:13-37
	android:name
		ADDED from src\main\AndroidManifest.xml:198:13-83
activity#com.huawei.android.hms.agent.common.HMSAgentActivity
ADDED from src\main\AndroidManifest.xml:203:9-213:20
	android:excludeFromRecents
		ADDED from src\main\AndroidManifest.xml:206:13-46
	android:hardwareAccelerated
		ADDED from src\main\AndroidManifest.xml:208:13-47
	android:exported
		ADDED from src\main\AndroidManifest.xml:207:13-37
	android:configChanges
		ADDED from src\main\AndroidManifest.xml:205:13-92
	android:theme
		ADDED from src\main\AndroidManifest.xml:209:13-61
	android:name
		ADDED from src\main\AndroidManifest.xml:204:13-80
meta-data#hwc-theme
ADDED from src\main\AndroidManifest.xml:210:13-212:77
MERGED from [com.huawei.android.hms:base:2.6.3.301] AndroidManifest.xml:17:13-19:77
MERGED from [com.huawei.android.hms:base:2.6.3.301] AndroidManifest.xml:17:13-19:77
	android:value
		ADDED from src\main\AndroidManifest.xml:212:17-74
	android:name
		ADDED from src\main\AndroidManifest.xml:211:17-41
activity#com.huawei.hms.activity.BridgeActivity
ADDED from src\main\AndroidManifest.xml:215:9-225:20
MERGED from [com.huawei.android.hms:base:2.6.3.301] AndroidManifest.xml:10:9-20:20
MERGED from [com.huawei.android.hms:base:2.6.3.301] AndroidManifest.xml:10:9-20:20
	android:excludeFromRecents
		ADDED from src\main\AndroidManifest.xml:218:13-46
	android:hardwareAccelerated
		ADDED from src\main\AndroidManifest.xml:220:13-47
	android:exported
		ADDED from src\main\AndroidManifest.xml:219:13-37
	android:configChanges
		ADDED from src\main\AndroidManifest.xml:217:13-92
	android:theme
		ADDED from src\main\AndroidManifest.xml:221:13-61
	android:name
		ADDED from src\main\AndroidManifest.xml:216:13-66
receiver#com.tencent.qcloud.tim.demo.thirdpush.HUAWEIPushReceiver
ADDED from src\main\AndroidManifest.xml:227:9-239:20
	android:permission
		ADDED from src\main\AndroidManifest.xml:229:13-91
	android:name
		ADDED from src\main\AndroidManifest.xml:228:13-84
intent-filter#com.huawei.android.push.intent.RECEIVE+com.huawei.android.push.intent.REGISTRATION+com.huawei.intent.action.PUSH_DELAY_NOTIFY
ADDED from src\main\AndroidManifest.xml:230:13-238:29
action#com.huawei.android.push.intent.REGISTRATION
ADDED from src\main\AndroidManifest.xml:233:17-86
	android:name
		ADDED from src\main\AndroidManifest.xml:233:25-83
action#com.huawei.android.push.intent.RECEIVE
ADDED from src\main\AndroidManifest.xml:235:17-81
	android:name
		ADDED from src\main\AndroidManifest.xml:235:25-78
action#com.huawei.intent.action.PUSH_DELAY_NOTIFY
ADDED from src\main\AndroidManifest.xml:237:17-85
	android:name
		ADDED from src\main\AndroidManifest.xml:237:25-82
service#com.huawei.hms.support.api.push.service.HmsMsgService
ADDED from src\main\AndroidManifest.xml:241:9-250:19
	android:process
		ADDED from src\main\AndroidManifest.xml:245:13-43
	android:enabled
		ADDED from src\main\AndroidManifest.xml:243:13-35
	android:exported
		ADDED from src\main\AndroidManifest.xml:244:13-36
	android:name
		ADDED from src\main\AndroidManifest.xml:242:13-81
intent-filter#com.huawei.push.msg.NOTIFY_MSG+com.huawei.push.msg.PASSBY_MSG
ADDED from src\main\AndroidManifest.xml:246:13-249:29
action#com.huawei.push.msg.NOTIFY_MSG
ADDED from src\main\AndroidManifest.xml:247:17-73
	android:name
		ADDED from src\main\AndroidManifest.xml:247:25-70
action#com.huawei.push.msg.PASSBY_MSG
ADDED from src\main\AndroidManifest.xml:248:17-73
	android:name
		ADDED from src\main\AndroidManifest.xml:248:25-70
receiver#com.tencent.qcloud.tim.demo.thirdpush.MEIZUPushReceiver
ADDED from src\main\AndroidManifest.xml:255:9-270:20
	android:name
		ADDED from src\main\AndroidManifest.xml:255:19-89
intent-filter#com.meizu.c2dm.intent.RECEIVE+com.meizu.c2dm.intent.REGISTRATION+com.meizu.flyme.push.intent.MESSAGE+com.meizu.flyme.push.intent.REGISTER.FEEDBACK+com.meizu.flyme.push.intent.UNREGISTER.FEEDBACK+com.tencent.qcloud.uipojo.thirdpush
ADDED from src\main\AndroidManifest.xml:256:13-269:29
action#com.meizu.flyme.push.intent.MESSAGE
ADDED from src\main\AndroidManifest.xml:259:17-78
	android:name
		ADDED from src\main\AndroidManifest.xml:259:25-75
action#com.meizu.flyme.push.intent.REGISTER.FEEDBACK
ADDED from src\main\AndroidManifest.xml:261:17-88
	android:name
		ADDED from src\main\AndroidManifest.xml:261:25-85
action#com.meizu.flyme.push.intent.UNREGISTER.FEEDBACK
ADDED from src\main\AndroidManifest.xml:263:17-90
	android:name
		ADDED from src\main\AndroidManifest.xml:263:25-87
action#com.meizu.c2dm.intent.REGISTRATION
ADDED from src\main\AndroidManifest.xml:265:17-77
	android:name
		ADDED from src\main\AndroidManifest.xml:265:25-74
action#com.meizu.c2dm.intent.RECEIVE
ADDED from src\main\AndroidManifest.xml:266:17-72
	android:name
		ADDED from src\main\AndroidManifest.xml:266:25-69
category#com.tencent.qcloud.uipojo.thirdpush
ADDED from src\main\AndroidManifest.xml:268:17-80
	android:name
		ADDED from src\main\AndroidManifest.xml:268:27-77
service#com.vivo.push.sdk.service.CommandClientService
ADDED from src\main\AndroidManifest.xml:274:9-276:39
	android:exported
		ADDED from src\main\AndroidManifest.xml:276:13-36
	android:name
		ADDED from src\main\AndroidManifest.xml:275:13-74
activity#com.vivo.push.sdk.LinkProxyClientActivity
ADDED from src\main\AndroidManifest.xml:278:9-282:75
	android:screenOrientation
		ADDED from src\main\AndroidManifest.xml:281:13-49
	android:exported
		ADDED from src\main\AndroidManifest.xml:280:13-37
	android:theme
		ADDED from src\main\AndroidManifest.xml:282:13-72
	android:name
		ADDED from src\main\AndroidManifest.xml:279:13-69
receiver#com.tencent.qcloud.tim.demo.thirdpush.VIVOPushMessageReceiverImpl
ADDED from src\main\AndroidManifest.xml:285:9-291:20
	android:name
		ADDED from src\main\AndroidManifest.xml:285:19-99
intent-filter#com.vivo.pushclient.action.RECEIVE
ADDED from src\main\AndroidManifest.xml:286:13-290:29
action#com.vivo.pushclient.action.RECEIVE
ADDED from src\main\AndroidManifest.xml:289:17-77
	android:name
		ADDED from src\main\AndroidManifest.xml:289:25-74
meta-data#com.vivo.push.api_key
ADDED from src\main\AndroidManifest.xml:293:9-295:68
	android:value
		ADDED from src\main\AndroidManifest.xml:295:13-65
	android:name
		ADDED from src\main\AndroidManifest.xml:294:13-49
meta-data#com.vivo.push.app_id
ADDED from src\main\AndroidManifest.xml:296:9-298:37
	android:value
		ADDED from src\main\AndroidManifest.xml:298:13-34
	android:name
		ADDED from src\main\AndroidManifest.xml:297:13-48
uses-sdk
INJECTED from src\main\AndroidManifest.xml reason: use-sdk injection requested
INJECTED from src\main\AndroidManifest.xml
INJECTED from src\main\AndroidManifest.xml
MERGED from [com.huawei.android.hms:push:2.6.3.301] AndroidManifest.xml:5:5-7:41
MERGED from [com.huawei.android.hms:push:2.6.3.301] AndroidManifest.xml:5:5-7:41
MERGED from [com.huawei.android.hms:base:2.6.3.301] AndroidManifest.xml:5:5-7:41
MERGED from [com.huawei.android.hms:base:2.6.3.301] AndroidManifest.xml:5:5-7:41
MERGED from [com.meizu.flyme.internet:push-internal:3.6.7] AndroidManifest.xml:7:5-9:41
MERGED from [com.meizu.flyme.internet:push-internal:3.6.7] AndroidManifest.xml:7:5-9:41
MERGED from [com.tencent.bugly:crashreport:2.6.6] AndroidManifest.xml:5:5-7:41
MERGED from [com.tencent.bugly:crashreport:2.6.6] AndroidManifest.xml:5:5-7:41
MERGED from [com.tencent.bugly:nativecrashreport:3.3.1] AndroidManifest.xml:5:5-7:41
MERGED from [com.tencent.bugly:nativecrashreport:3.3.1] AndroidManifest.xml:5:5-7:41
MERGED from [com.android.support:multidex:1.0.2] AndroidManifest.xml:20:5-43
MERGED from [com.android.support:multidex:1.0.2] AndroidManifest.xml:20:5-43
MERGED from [com.squareup.leakcanary:leakcanary-support-fragment:1.6.2] AndroidManifest.xml:20:5-44
MERGED from [com.squareup.leakcanary:leakcanary-support-fragment:1.6.2] AndroidManifest.xml:20:5-44